2015-03-03 15:24:47.000  INFO 5152 --- [main] spring.Application                       : Starting Application on EPUAKYIW1562 with PID 5152 (C:\Users\Sergii_Tsymbaliuk\ws\SpringAll\target\classes started by Sergii_Tsymbaliuk in C:\Users\Sergii_Tsymbaliuk\ws\SpringAll)
2015-03-03 15:24:47.035  INFO 5152 --- [main] ationConfigEmbeddedWebApplicationContext : Refreshing org.springframework.boot.context.embedded.AnnotationConfigEmbeddedWebApplicationContext@704921a5: startup date [Tue Mar 03 15:24:47 EET 2015]; root of context hierarchy
2015-03-03 15:24:47.508  INFO 5152 --- [main] o.s.b.f.xml.XmlBeanDefinitionReader      : Loading XML bean definitions from class path resource [securityContext.xml]
2015-03-03 15:24:47.634  INFO 5152 --- [main] o.s.s.core.SpringSecurityCoreVersion     : You are running with Spring Security Core 3.2.6.RELEASE
2015-03-03 15:24:47.638  INFO 5152 --- [main] o.s.s.config.SecurityNamespaceHandler    : Spring Security 'config' module version is 3.2.6.RELEASE
2015-03-03 15:24:47.761  INFO 5152 --- [main] o.s.s.c.h.AuthenticationConfigBuilder    : No login page configured. The default internal one will be used. Use the 'login-page' attribute to set the URL of the login page.
2015-03-03 15:24:47.764  INFO 5152 --- [main] s.s.c.h.HttpSecurityBeanDefinitionParser : Checking sorted filter chain: [Root bean: class [org.springframework.security.web.context.SecurityContextPersistenceFilter]; scope=; abstract=false; lazyInit=false; autowireMode=0; dependencyCheck=0; autowireCandidate=true; primary=false; factoryBeanName=null; factoryMethodName=null; initMethodName=null; destroyMethodName=null, order = 200, Root bean: class [org.springframework.security.web.context.request.async.WebAsyncManagerIntegrationFilter]; scope=; abstract=false; lazyInit=false; autowireMode=0; dependencyCheck=0; autowireCandidate=true; primary=false; factoryBeanName=null; factoryMethodName=null; initMethodName=null; destroyMethodName=null, order = 400, Root bean: class [org.springframework.security.web.authentication.logout.LogoutFilter]; scope=; abstract=false; lazyInit=false; autowireMode=0; dependencyCheck=0; autowireCandidate=true; primary=false; factoryBeanName=null; factoryMethodName=null; initMethodName=null; destroyMethodName=null, order = 700, <org.springframework.security.web.authentication.UsernamePasswordAuthenticationFilter#0>, order = 1100, Root bean: class [org.springframework.security.web.authentication.ui.DefaultLoginPageGeneratingFilter]; scope=; abstract=false; lazyInit=false; autowireMode=0; dependencyCheck=0; autowireCandidate=true; primary=false; factoryBeanName=null; factoryMethodName=null; initMethodName=null; destroyMethodName=null, order = 1300, Root bean: class [org.springframework.security.web.authentication.www.BasicAuthenticationFilter]; scope=; abstract=false; lazyInit=false; autowireMode=0; dependencyCheck=0; autowireCandidate=true; primary=false; factoryBeanName=null; factoryMethodName=null; initMethodName=null; destroyMethodName=null, order = 1500, Root bean: class [org.springframework.security.web.savedrequest.RequestCacheAwareFilter]; scope=; abstract=false; lazyInit=false; autowireMode=0; dependencyCheck=0; autowireCandidate=true; primary=false; factoryBeanName=null; factoryMethodName=null; initMethodName=null; destroyMethodName=null, order = 1600, Root bean: class [org.springframework.security.web.servletapi.SecurityContextHolderAwareRequestFilter]; scope=; abstract=false; lazyInit=false; autowireMode=0; dependencyCheck=0; autowireCandidate=true; primary=false; factoryBeanName=null; factoryMethodName=null; initMethodName=null; destroyMethodName=null, order = 1700, Root bean: class [org.springframework.security.web.authentication.AnonymousAuthenticationFilter]; scope=; abstract=false; lazyInit=false; autowireMode=0; dependencyCheck=0; autowireCandidate=true; primary=false; factoryBeanName=null; factoryMethodName=null; initMethodName=null; destroyMethodName=null, order = 2000, Root bean: class [org.springframework.security.web.session.SessionManagementFilter]; scope=; abstract=false; lazyInit=false; autowireMode=0; dependencyCheck=0; autowireCandidate=true; primary=false; factoryBeanName=null; factoryMethodName=null; initMethodName=null; destroyMethodName=null, order = 2100, Root bean: class [org.springframework.security.web.access.ExceptionTranslationFilter]; scope=; abstract=false; lazyInit=false; autowireMode=0; dependencyCheck=0; autowireCandidate=true; primary=false; factoryBeanName=null; factoryMethodName=null; initMethodName=null; destroyMethodName=null, order = 2200, <org.springframework.security.web.access.intercept.FilterSecurityInterceptor#0>, order = 2300]
2015-03-03 15:24:47.840  INFO 5152 --- [main] o.s.b.f.s.DefaultListableBeanFactory     : Overriding bean definition for bean 'beanNameViewResolver': replacing [Root bean: class [null]; scope=; abstract=false; lazyInit=false; autowireMode=3; dependencyCheck=0; autowireCandidate=true; primary=false; factoryBeanName=org.springframework.boot.autoconfigure.web.ErrorMvcAutoConfiguration$WhitelabelErrorViewConfiguration; factoryMethodName=beanNameViewResolver; initMethodName=null; destroyMethodName=(inferred); defined in class path resource [org/springframework/boot/autoconfigure/web/ErrorMvcAutoConfiguration$WhitelabelErrorViewConfiguration.class]] with [Root bean: class [null]; scope=; abstract=false; lazyInit=false; autowireMode=3; dependencyCheck=0; autowireCandidate=true; primary=false; factoryBeanName=org.springframework.boot.autoconfigure.web.WebMvcAutoConfiguration$WebMvcAutoConfigurationAdapter; factoryMethodName=beanNameViewResolver; initMethodName=null; destroyMethodName=(inferred); defined in class path resource [org/springframework/boot/autoconfigure/web/WebMvcAutoConfiguration$WebMvcAutoConfigurationAdapter.class]]
2015-03-03 15:24:48.349  INFO 5152 --- [main] trationDelegate$BeanPostProcessorChecker : Bean '(inner bean)#6b5176f2' of type [class org.springframework.security.access.annotation.SecuredAnnotationSecurityMetadataSource] is not eligible for getting processed by all BeanPostProcessors (for example: not eligible for auto-proxying)
2015-03-03 15:24:48.354  INFO 5152 --- [main] trationDelegate$BeanPostProcessorChecker : Bean 'org.springframework.security.access.method.DelegatingMethodSecurityMetadataSource#0' of type [class org.springframework.security.access.method.DelegatingMethodSecurityMetadataSource] is not eligible for getting processed by all BeanPostProcessors (for example: not eligible for auto-proxying)
2015-03-03 15:24:48.358  INFO 5152 --- [main] trationDelegate$BeanPostProcessorChecker : Bean 'org.springframework.security.methodSecurityMetadataSourceAdvisor' of type [class org.springframework.security.access.intercept.aopalliance.MethodSecurityMetadataSourceAdvisor] is not eligible for getting processed by all BeanPostProcessors (for example: not eligible for auto-proxying)
2015-03-03 15:24:48.575  INFO 5152 --- [main] trationDelegate$BeanPostProcessorChecker : Bean 'org.springframework.transaction.annotation.ProxyTransactionManagementConfiguration' of type [class org.springframework.transaction.annotation.ProxyTransactionManagementConfiguration$$EnhancerBySpringCGLIB$$ceada5fd] is not eligible for getting processed by all BeanPostProcessors (for example: not eligible for auto-proxying)
2015-03-03 15:24:48.739  INFO 5152 --- [main] trationDelegate$BeanPostProcessorChecker : Bean 'transactionAttributeSource' of type [class org.springframework.transaction.annotation.AnnotationTransactionAttributeSource] is not eligible for getting processed by all BeanPostProcessors (for example: not eligible for auto-proxying)
2015-03-03 15:24:48.753  INFO 5152 --- [main] trationDelegate$BeanPostProcessorChecker : Bean 'transactionInterceptor' of type [class org.springframework.transaction.interceptor.TransactionInterceptor] is not eligible for getting processed by all BeanPostProcessors (for example: not eligible for auto-proxying)
2015-03-03 15:24:48.756  INFO 5152 --- [main] trationDelegate$BeanPostProcessorChecker : Bean 'org.springframework.transaction.config.internalTransactionAdvisor' of type [class org.springframework.transaction.interceptor.BeanFactoryTransactionAttributeSourceAdvisor] is not eligible for getting processed by all BeanPostProcessors (for example: not eligible for auto-proxying)
2015-03-03 15:24:49.117  INFO 5152 --- [main] s.b.c.e.t.TomcatEmbeddedServletContainer : Tomcat initialized with port(s): 8088 (http)
2015-03-03 15:24:49.255  INFO 5152 --- [main] o.apache.catalina.core.StandardService   : Starting service Tomcat
2015-03-03 15:24:49.256  INFO 5152 --- [main] org.apache.catalina.core.StandardEngine  : Starting Servlet Engine: Apache Tomcat/8.0.20
2015-03-03 15:24:49.539  INFO 5152 --- [localhost-startStop-1] o.a.c.c.C.[.[localhost].[/SpringAll]     : Initializing Spring embedded WebApplicationContext
2015-03-03 15:24:49.540  INFO 5152 --- [localhost-startStop-1] o.s.web.context.ContextLoader            : Root WebApplicationContext: initialization completed in 2507 ms
2015-03-03 15:24:50.079  INFO 5152 --- [localhost-startStop-1] j.LocalContainerEntityManagerFactoryBean : Building JPA container EntityManagerFactory for persistence unit 'default'
2015-03-03 15:24:50.088  INFO 5152 --- [localhost-startStop-1] o.hibernate.jpa.internal.util.LogHelper  : HHH000204: Processing PersistenceUnitInfo [
	name: default
	...]
2015-03-03 15:24:50.151  INFO 5152 --- [localhost-startStop-1] org.hibernate.Version                    : HHH000412: Hibernate Core {4.3.8.Final}
2015-03-03 15:24:50.153  INFO 5152 --- [localhost-startStop-1] org.hibernate.cfg.Environment            : HHH000206: hibernate.properties not found
2015-03-03 15:24:50.154  INFO 5152 --- [localhost-startStop-1] org.hibernate.cfg.Environment            : HHH000021: Bytecode provider name : javassist
2015-03-03 15:24:50.331  INFO 5152 --- [localhost-startStop-1] o.hibernate.annotations.common.Version   : HCANN000001: Hibernate Commons Annotations {4.0.5.Final}
2015-03-03 15:24:50.628  INFO 5152 --- [localhost-startStop-1] org.hibernate.dialect.Dialect            : HHH000400: Using dialect: org.hibernate.dialect.MySQL5Dialect
2015-03-03 15:24:50.827  INFO 5152 --- [localhost-startStop-1] o.h.h.i.ast.ASTQueryTranslatorFactory    : HHH000397: Using ASTQueryTranslatorFactory
2015-03-03 15:24:51.050  INFO 5152 --- [localhost-startStop-1] org.hibernate.tool.hbm2ddl.SchemaUpdate  : HHH000228: Running hbm2ddl schema update
2015-03-03 15:24:51.050  INFO 5152 --- [localhost-startStop-1] org.hibernate.tool.hbm2ddl.SchemaUpdate  : HHH000102: Fetching database metadata
2015-03-03 15:24:51.051  INFO 5152 --- [localhost-startStop-1] org.hibernate.tool.hbm2ddl.SchemaUpdate  : HHH000396: Updating schema
2015-03-03 15:24:51.068  INFO 5152 --- [localhost-startStop-1] o.hibernate.tool.hbm2ddl.TableMetadata   : HHH000261: Table found: jpa.person
2015-03-03 15:24:51.069  INFO 5152 --- [localhost-startStop-1] o.hibernate.tool.hbm2ddl.TableMetadata   : HHH000037: Columns: [password, name, createdate, id, login, create_date, age]
2015-03-03 15:24:51.069  INFO 5152 --- [localhost-startStop-1] o.hibernate.tool.hbm2ddl.TableMetadata   : HHH000108: Foreign keys: []
2015-03-03 15:24:51.069  INFO 5152 --- [localhost-startStop-1] o.hibernate.tool.hbm2ddl.TableMetadata   : HHH000126: Indexes: [primary]
2015-03-03 15:24:51.078  INFO 5152 --- [localhost-startStop-1] o.hibernate.tool.hbm2ddl.TableMetadata   : HHH000261: Table found: jpa.person_roles
2015-03-03 15:24:51.079  INFO 5152 --- [localhost-startStop-1] o.hibernate.tool.hbm2ddl.TableMetadata   : HHH000037: Columns: [roles, person_id]
2015-03-03 15:24:51.079  INFO 5152 --- [localhost-startStop-1] o.hibernate.tool.hbm2ddl.TableMetadata   : HHH000108: Foreign keys: [fk_7s9nuaxv2u8ivpushv0vqwy0d]
2015-03-03 15:24:51.079  INFO 5152 --- [localhost-startStop-1] o.hibernate.tool.hbm2ddl.TableMetadata   : HHH000126: Indexes: [fk_7s9nuaxv2u8ivpushv0vqwy0d]
2015-03-03 15:24:51.080  INFO 5152 --- [localhost-startStop-1] org.hibernate.tool.hbm2ddl.SchemaUpdate  : HHH000232: Schema update complete
2015-03-03 15:24:51.496  INFO 5152 --- [localhost-startStop-1] o.s.s.web.DefaultSecurityFilterChain     : Creating filter chain: org.springframework.security.web.util.matcher.AnyRequestMatcher@1, [org.springframework.security.web.context.SecurityContextPersistenceFilter@508433ec, org.springframework.security.web.context.request.async.WebAsyncManagerIntegrationFilter@1022c2ce, org.springframework.security.web.authentication.logout.LogoutFilter@53ca1a9d, org.springframework.security.web.authentication.UsernamePasswordAuthenticationFilter@6767d38, org.springframework.security.web.authentication.ui.DefaultLoginPageGeneratingFilter@779c2549, org.springframework.security.web.authentication.www.BasicAuthenticationFilter@712eadc6, org.springframework.security.web.savedrequest.RequestCacheAwareFilter@72335f8c, org.springframework.security.web.servletapi.SecurityContextHolderAwareRequestFilter@4799634f, org.springframework.security.web.authentication.AnonymousAuthenticationFilter@51b9a098, org.springframework.security.web.session.SessionManagementFilter@557d77f4, org.springframework.security.web.access.ExceptionTranslationFilter@3dda9de8, org.springframework.security.web.access.intercept.FilterSecurityInterceptor@31551207]
2015-03-03 15:24:51.512  INFO 5152 --- [localhost-startStop-1] o.s.s.c.h.DefaultFilterChainValidator    : Checking whether login URL '/spring_security_login' is accessible with your configuration
2015-03-03 15:24:52.024  INFO 5152 --- [localhost-startStop-1] o.s.b.c.embedded.FilterRegistrationBean  : Mapping filter: 'characterEncodingFilter' to: [/*]
2015-03-03 15:24:52.024  INFO 5152 --- [localhost-startStop-1] o.s.b.c.embedded.FilterRegistrationBean  : Mapping filter: 'springSecurityFilterChain' to: [/*]
2015-03-03 15:24:52.024  INFO 5152 --- [localhost-startStop-1] o.s.b.c.embedded.FilterRegistrationBean  : Mapping filter: 'org.springframework.security.web.access.intercept.FilterSecurityInterceptor#0' to: [/*]
2015-03-03 15:24:52.025  INFO 5152 --- [localhost-startStop-1] o.s.b.c.embedded.FilterRegistrationBean  : Mapping filter: 'org.springframework.security.web.authentication.UsernamePasswordAuthenticationFilter#0' to: [/*]
2015-03-03 15:24:52.025  INFO 5152 --- [localhost-startStop-1] o.s.b.c.embedded.FilterRegistrationBean  : Mapping filter: 'hiddenHttpMethodFilter' to: [/*]
2015-03-03 15:24:52.025  INFO 5152 --- [localhost-startStop-1] o.s.b.c.e.ServletRegistrationBean        : Mapping servlet: 'dispatcherServlet' to [/]
2015-03-03 15:24:52.351  INFO 5152 --- [main] s.w.s.m.m.a.RequestMappingHandlerAdapter : Looking for @ControllerAdvice: org.springframework.boot.context.embedded.AnnotationConfigEmbeddedWebApplicationContext@704921a5: startup date [Tue Mar 03 15:24:47 EET 2015]; root of context hierarchy
2015-03-03 15:24:52.411  INFO 5152 --- [main] s.w.s.m.m.a.RequestMappingHandlerMapping : Mapped "{[/person],methods=[],params=[],headers=[],consumes=[],produces=[],custom=[]}" onto public java.lang.String spring.person.web.PersonController.showPersonList(org.springframework.ui.Model)
2015-03-03 15:24:52.412  INFO 5152 --- [main] s.w.s.m.m.a.RequestMappingHandlerMapping : Mapped "{[/person/view],methods=[],params=[],headers=[],consumes=[],produces=[],custom=[]}" onto public java.lang.String spring.person.web.PersonController.showViewForm(org.springframework.ui.Model)
2015-03-03 15:24:52.412  INFO 5152 --- [main] s.w.s.m.m.a.RequestMappingHandlerMapping : Mapped "{[/person/add],methods=[GET],params=[],headers=[],consumes=[],produces=[],custom=[]}" onto public java.lang.String spring.person.web.PersonController.showAddform()
2015-03-03 15:24:52.412  INFO 5152 --- [main] s.w.s.m.m.a.RequestMappingHandlerMapping : Mapped "{[/person/add || /person/edit],methods=[POST],params=[],headers=[],consumes=[],produces=[],custom=[]}" onto public java.lang.String spring.person.web.PersonController.savePerson(spring.person.Person)
2015-03-03 15:24:52.412  INFO 5152 --- [main] s.w.s.m.m.a.RequestMappingHandlerMapping : Mapped "{[/person/delete],methods=[POST],params=[],headers=[],consumes=[],produces=[],custom=[]}" onto public java.lang.String spring.person.web.PersonController.deletePerson(spring.person.Person)
2015-03-03 15:24:52.412  INFO 5152 --- [main] s.w.s.m.m.a.RequestMappingHandlerMapping : Mapped "{[/person/edit],methods=[GET],params=[],headers=[],consumes=[],produces=[],custom=[]}" onto public java.lang.String spring.person.web.PersonController.showEditPersonForm()
2015-03-03 15:24:52.414  INFO 5152 --- [main] s.w.s.m.m.a.RequestMappingHandlerMapping : Mapped "{[/ws/person/{id}],methods=[GET],params=[],headers=[],consumes=[],produces=[],custom=[]}" onto public java.lang.String spring.person.web.PersonRestController.showViewForm(spring.person.Person,org.springframework.ui.Model)
2015-03-03 15:24:52.415  INFO 5152 --- [main] s.w.s.m.m.a.RequestMappingHandlerMapping : Mapped "{[/error],methods=[],params=[],headers=[],consumes=[],produces=[],custom=[]}" onto public org.springframework.http.ResponseEntity<java.util.Map<java.lang.String, java.lang.Object>> org.springframework.boot.autoconfigure.web.BasicErrorController.error(javax.servlet.http.HttpServletRequest)
2015-03-03 15:24:52.415  INFO 5152 --- [main] s.w.s.m.m.a.RequestMappingHandlerMapping : Mapped "{[/error],methods=[],params=[],headers=[],consumes=[],produces=[text/html],custom=[]}" onto public org.springframework.web.servlet.ModelAndView org.springframework.boot.autoconfigure.web.BasicErrorController.errorHtml(javax.servlet.http.HttpServletRequest)
2015-03-03 15:24:52.447  INFO 5152 --- [main] o.s.w.s.handler.SimpleUrlHandlerMapping  : Mapped URL path [/webjars/**] onto handler of type [class org.springframework.web.servlet.resource.ResourceHttpRequestHandler]
2015-03-03 15:24:52.447  INFO 5152 --- [main] o.s.w.s.handler.SimpleUrlHandlerMapping  : Mapped URL path [/**] onto handler of type [class org.springframework.web.servlet.resource.ResourceHttpRequestHandler]
2015-03-03 15:24:52.485  INFO 5152 --- [main] o.s.w.s.handler.SimpleUrlHandlerMapping  : Mapped URL path [/**/favicon.ico] onto handler of type [class org.springframework.web.servlet.resource.ResourceHttpRequestHandler]
2015-03-03 15:24:52.833  INFO 5152 --- [main] o.s.j.e.a.AnnotationMBeanExporter        : Registering beans for JMX exposure on startup
2015-03-03 15:24:52.920  INFO 5152 --- [main] s.b.c.e.t.TomcatEmbeddedServletContainer : Tomcat started on port(s): 8088 (http)
2015-03-03 15:24:52.922  INFO 5152 --- [main] spring.Application                       : Started Application in 6.163 seconds (JVM running for 6.493)
2015-03-03 15:25:23.458  INFO 5152 --- [http-nio-8088-exec-1] o.a.c.c.C.[.[localhost].[/SpringAll]     : Initializing Spring FrameworkServlet 'dispatcherServlet'
2015-03-03 15:25:23.458  INFO 5152 --- [http-nio-8088-exec-1] o.s.web.servlet.DispatcherServlet        : FrameworkServlet 'dispatcherServlet': initialization started
2015-03-03 15:25:23.480  INFO 5152 --- [http-nio-8088-exec-1] o.s.web.servlet.DispatcherServlet        : FrameworkServlet 'dispatcherServlet': initialization completed in 22 ms
2015-03-03 15:25:36.001 ERROR 5152 --- [http-nio-8088-exec-7] o.a.c.c.C.[.[.[/SpringAll].[jsp]         : Servlet.service() for servlet jsp threw exception

org.apache.jasper.JasperException: The absolute uri: http://www.springframework.org/security/tags cannot be resolved in either web.xml or the jar files deployed with this application
	at org.apache.jasper.compiler.DefaultErrorHandler.jspError(DefaultErrorHandler.java:55)
	at org.apache.jasper.compiler.ErrorDispatcher.dispatch(ErrorDispatcher.java:277)
	at org.apache.jasper.compiler.ErrorDispatcher.jspError(ErrorDispatcher.java:75)
	at org.apache.jasper.compiler.TagLibraryInfoImpl.generateTldResourcePath(TagLibraryInfoImpl.java:240)
	at org.apache.jasper.compiler.TagLibraryInfoImpl.<init>(TagLibraryInfoImpl.java:124)
	at org.apache.jasper.compiler.Parser.parseTaglibDirective(Parser.java:411)
	at org.apache.jasper.compiler.Parser.parseDirective(Parser.java:469)
	at org.apache.jasper.compiler.Parser.parseElements(Parser.java:1430)
	at org.apache.jasper.compiler.Parser.parse(Parser.java:139)
	at org.apache.jasper.compiler.ParserController.doParse(ParserController.java:227)
	at org.apache.jasper.compiler.ParserController.parse(ParserController.java:100)
	at org.apache.jasper.compiler.Compiler.generateJava(Compiler.java:199)
	at org.apache.jasper.compiler.Compiler.compile(Compiler.java:356)
	at org.apache.jasper.compiler.Compiler.compile(Compiler.java:336)
	at org.apache.jasper.compiler.Compiler.compile(Compiler.java:323)
	at org.apache.jasper.JspCompilationContext.compile(JspCompilationContext.java:570)
	at org.apache.jasper.servlet.JspServletWrapper.service(JspServletWrapper.java:356)
	at org.apache.jasper.servlet.JspServlet.serviceJspFile(JspServlet.java:396)
	at org.apache.jasper.servlet.JspServlet.service(JspServlet.java:340)
	at javax.servlet.http.HttpServlet.service(HttpServlet.java:725)
	at org.apache.catalina.core.ApplicationFilterChain.internalDoFilter(ApplicationFilterChain.java:291)
	at org.apache.catalina.core.ApplicationFilterChain.doFilter(ApplicationFilterChain.java:206)
	at org.apache.tomcat.websocket.server.WsFilter.doFilter(WsFilter.java:52)
	at org.apache.catalina.core.ApplicationFilterChain.internalDoFilter(ApplicationFilterChain.java:239)
	at org.apache.catalina.core.ApplicationFilterChain.doFilter(ApplicationFilterChain.java:206)
	at org.springframework.web.filter.OncePerRequestFilter.doFilter(OncePerRequestFilter.java:101)
	at org.apache.catalina.core.ApplicationFilterChain.internalDoFilter(ApplicationFilterChain.java:239)
	at org.apache.catalina.core.ApplicationFilterChain.doFilter(ApplicationFilterChain.java:206)
	at org.springframework.security.web.authentication.AbstractAuthenticationProcessingFilter.doFilter(AbstractAuthenticationProcessingFilter.java:199)
	at org.apache.catalina.core.ApplicationFilterChain.internalDoFilter(ApplicationFilterChain.java:239)
	at org.apache.catalina.core.ApplicationFilterChain.doFilter(ApplicationFilterChain.java:206)
	at org.springframework.security.web.access.intercept.FilterSecurityInterceptor.invoke(FilterSecurityInterceptor.java:108)
	at org.springframework.security.web.access.intercept.FilterSecurityInterceptor.doFilter(FilterSecurityInterceptor.java:84)
	at org.apache.catalina.core.ApplicationFilterChain.internalDoFilter(ApplicationFilterChain.java:239)
	at org.apache.catalina.core.ApplicationFilterChain.doFilter(ApplicationFilterChain.java:206)
	at org.springframework.security.web.FilterChainProxy$VirtualFilterChain.doFilter(FilterChainProxy.java:330)
	at org.springframework.security.web.access.intercept.FilterSecurityInterceptor.invoke(FilterSecurityInterceptor.java:108)
	at org.springframework.security.web.access.intercept.FilterSecurityInterceptor.doFilter(FilterSecurityInterceptor.java:84)
	at org.springframework.security.web.FilterChainProxy$VirtualFilterChain.doFilter(FilterChainProxy.java:342)
	at org.springframework.security.web.access.ExceptionTranslationFilter.doFilter(ExceptionTranslationFilter.java:113)
	at org.springframework.security.web.FilterChainProxy$VirtualFilterChain.doFilter(FilterChainProxy.java:342)
	at org.springframework.security.web.session.SessionManagementFilter.doFilter(SessionManagementFilter.java:64)
	at org.springframework.security.web.FilterChainProxy$VirtualFilterChain.doFilter(FilterChainProxy.java:342)
	at org.springframework.security.web.authentication.AnonymousAuthenticationFilter.doFilter(AnonymousAuthenticationFilter.java:113)
	at org.springframework.security.web.FilterChainProxy$VirtualFilterChain.doFilter(FilterChainProxy.java:342)
	at org.springframework.security.web.servletapi.SecurityContextHolderAwareRequestFilter.doFilter(SecurityContextHolderAwareRequestFilter.java:154)
	at org.springframework.security.web.FilterChainProxy$VirtualFilterChain.doFilter(FilterChainProxy.java:342)
	at org.springframework.security.web.savedrequest.RequestCacheAwareFilter.doFilter(RequestCacheAwareFilter.java:45)
	at org.springframework.security.web.FilterChainProxy$VirtualFilterChain.doFilter(FilterChainProxy.java:342)
	at org.springframework.security.web.authentication.www.BasicAuthenticationFilter.doFilter(BasicAuthenticationFilter.java:150)
	at org.springframework.security.web.FilterChainProxy$VirtualFilterChain.doFilter(FilterChainProxy.java:342)
	at org.springframework.security.web.authentication.ui.DefaultLoginPageGeneratingFilter.doFilter(DefaultLoginPageGeneratingFilter.java:155)
	at org.springframework.security.web.FilterChainProxy$VirtualFilterChain.doFilter(FilterChainProxy.java:342)
	at org.springframework.security.web.authentication.AbstractAuthenticationProcessingFilter.doFilter(AbstractAuthenticationProcessingFilter.java:199)
	at org.springframework.security.web.FilterChainProxy$VirtualFilterChain.doFilter(FilterChainProxy.java:342)
	at org.springframework.security.web.authentication.logout.LogoutFilter.doFilter(LogoutFilter.java:110)
	at org.springframework.security.web.FilterChainProxy$VirtualFilterChain.doFilter(FilterChainProxy.java:342)
	at org.springframework.web.filter.OncePerRequestFilter.doFilter(OncePerRequestFilter.java:101)
	at org.springframework.security.web.FilterChainProxy$VirtualFilterChain.doFilter(FilterChainProxy.java:342)
	at org.springframework.security.web.context.SecurityContextPersistenceFilter.doFilter(SecurityContextPersistenceFilter.java:65)
	at org.springframework.security.web.FilterChainProxy$VirtualFilterChain.doFilter(FilterChainProxy.java:342)
	at org.springframework.security.web.FilterChainProxy.doFilterInternal(FilterChainProxy.java:192)
	at org.springframework.security.web.FilterChainProxy.doFilter(FilterChainProxy.java:166)
	at org.apache.catalina.core.ApplicationFilterChain.internalDoFilter(ApplicationFilterChain.java:239)
	at org.apache.catalina.core.ApplicationFilterChain.doFilter(ApplicationFilterChain.java:206)
	at org.springframework.web.filter.OncePerRequestFilter.doFilter(OncePerRequestFilter.java:101)
	at org.apache.catalina.core.ApplicationFilterChain.internalDoFilter(ApplicationFilterChain.java:239)
	at org.apache.catalina.core.ApplicationFilterChain.doFilter(ApplicationFilterChain.java:206)
	at org.apache.catalina.core.ApplicationDispatcher.invoke(ApplicationDispatcher.java:721)
	at org.apache.catalina.core.ApplicationDispatcher.processRequest(ApplicationDispatcher.java:466)
	at org.apache.catalina.core.ApplicationDispatcher.doForward(ApplicationDispatcher.java:391)
	at org.apache.catalina.core.ApplicationDispatcher.forward(ApplicationDispatcher.java:318)
	at org.springframework.web.servlet.view.InternalResourceView.renderMergedOutputModel(InternalResourceView.java:168)
	at org.springframework.web.servlet.view.AbstractView.render(AbstractView.java:303)
	at org.springframework.web.servlet.DispatcherServlet.render(DispatcherServlet.java:1228)
	at org.springframework.web.servlet.DispatcherServlet.processDispatchResult(DispatcherServlet.java:1011)
	at org.springframework.web.servlet.DispatcherServlet.doDispatch(DispatcherServlet.java:955)
	at org.springframework.web.servlet.DispatcherServlet.doService(DispatcherServlet.java:877)
	at org.springframework.web.servlet.FrameworkServlet.processRequest(FrameworkServlet.java:966)
	at org.springframework.web.servlet.FrameworkServlet.doGet(FrameworkServlet.java:857)
	at javax.servlet.http.HttpServlet.service(HttpServlet.java:618)
	at org.springframework.web.servlet.FrameworkServlet.service(FrameworkServlet.java:842)
	at javax.servlet.http.HttpServlet.service(HttpServlet.java:725)
	at org.apache.catalina.core.ApplicationFilterChain.internalDoFilter(ApplicationFilterChain.java:291)
	at org.apache.catalina.core.ApplicationFilterChain.doFilter(ApplicationFilterChain.java:206)
	at org.apache.tomcat.websocket.server.WsFilter.doFilter(WsFilter.java:52)
	at org.apache.catalina.core.ApplicationFilterChain.internalDoFilter(ApplicationFilterChain.java:239)
	at org.apache.catalina.core.ApplicationFilterChain.doFilter(ApplicationFilterChain.java:206)
	at org.springframework.web.filter.HiddenHttpMethodFilter.doFilterInternal(HiddenHttpMethodFilter.java:77)
	at org.springframework.web.filter.OncePerRequestFilter.doFilter(OncePerRequestFilter.java:107)
	at org.apache.catalina.core.ApplicationFilterChain.internalDoFilter(ApplicationFilterChain.java:239)
	at org.apache.catalina.core.ApplicationFilterChain.doFilter(ApplicationFilterChain.java:206)
	at org.springframework.security.web.authentication.AbstractAuthenticationProcessingFilter.doFilter(AbstractAuthenticationProcessingFilter.java:199)
	at org.apache.catalina.core.ApplicationFilterChain.internalDoFilter(ApplicationFilterChain.java:239)
	at org.apache.catalina.core.ApplicationFilterChain.doFilter(ApplicationFilterChain.java:206)
	at org.springframework.security.web.access.intercept.FilterSecurityInterceptor.invoke(FilterSecurityInterceptor.java:108)
	at org.springframework.security.web.access.intercept.FilterSecurityInterceptor.doFilter(FilterSecurityInterceptor.java:84)
	at org.apache.catalina.core.ApplicationFilterChain.internalDoFilter(ApplicationFilterChain.java:239)
	at org.apache.catalina.core.ApplicationFilterChain.doFilter(ApplicationFilterChain.java:206)
	at org.springframework.security.web.FilterChainProxy$VirtualFilterChain.doFilter(FilterChainProxy.java:330)
	at org.springframework.security.web.access.intercept.FilterSecurityInterceptor.invoke(FilterSecurityInterceptor.java:118)
	at org.springframework.security.web.access.intercept.FilterSecurityInterceptor.doFilter(FilterSecurityInterceptor.java:84)
	at org.springframework.security.web.FilterChainProxy$VirtualFilterChain.doFilter(FilterChainProxy.java:342)
	at org.springframework.security.web.access.ExceptionTranslationFilter.doFilter(ExceptionTranslationFilter.java:113)
	at org.springframework.security.web.FilterChainProxy$VirtualFilterChain.doFilter(FilterChainProxy.java:342)
	at org.springframework.security.web.session.SessionManagementFilter.doFilter(SessionManagementFilter.java:103)
	at org.springframework.security.web.FilterChainProxy$VirtualFilterChain.doFilter(FilterChainProxy.java:342)
	at org.springframework.security.web.authentication.AnonymousAuthenticationFilter.doFilter(AnonymousAuthenticationFilter.java:113)
	at org.springframework.security.web.FilterChainProxy$VirtualFilterChain.doFilter(FilterChainProxy.java:342)
	at org.springframework.security.web.servletapi.SecurityContextHolderAwareRequestFilter.doFilter(SecurityContextHolderAwareRequestFilter.java:154)
	at org.springframework.security.web.FilterChainProxy$VirtualFilterChain.doFilter(FilterChainProxy.java:342)
	at org.springframework.security.web.savedrequest.RequestCacheAwareFilter.doFilter(RequestCacheAwareFilter.java:45)
	at org.springframework.security.web.FilterChainProxy$VirtualFilterChain.doFilter(FilterChainProxy.java:342)
	at org.springframework.security.web.authentication.www.BasicAuthenticationFilter.doFilter(BasicAuthenticationFilter.java:150)
	at org.springframework.security.web.FilterChainProxy$VirtualFilterChain.doFilter(FilterChainProxy.java:342)
	at org.springframework.security.web.authentication.ui.DefaultLoginPageGeneratingFilter.doFilter(DefaultLoginPageGeneratingFilter.java:155)
	at org.springframework.security.web.FilterChainProxy$VirtualFilterChain.doFilter(FilterChainProxy.java:342)
	at org.springframework.security.web.authentication.AbstractAuthenticationProcessingFilter.doFilter(AbstractAuthenticationProcessingFilter.java:199)
	at org.springframework.security.web.FilterChainProxy$VirtualFilterChain.doFilter(FilterChainProxy.java:342)
	at org.springframework.security.web.authentication.logout.LogoutFilter.doFilter(LogoutFilter.java:110)
	at org.springframework.security.web.FilterChainProxy$VirtualFilterChain.doFilter(FilterChainProxy.java:342)
	at org.springframework.security.web.context.request.async.WebAsyncManagerIntegrationFilter.doFilterInternal(WebAsyncManagerIntegrationFilter.java:50)
	at org.springframework.web.filter.OncePerRequestFilter.doFilter(OncePerRequestFilter.java:107)
	at org.springframework.security.web.FilterChainProxy$VirtualFilterChain.doFilter(FilterChainProxy.java:342)
	at org.springframework.security.web.context.SecurityContextPersistenceFilter.doFilter(SecurityContextPersistenceFilter.java:87)
	at org.springframework.security.web.FilterChainProxy$VirtualFilterChain.doFilter(FilterChainProxy.java:342)
	at org.springframework.security.web.FilterChainProxy.doFilterInternal(FilterChainProxy.java:192)
	at org.springframework.security.web.FilterChainProxy.doFilter(FilterChainProxy.java:160)
	at org.apache.catalina.core.ApplicationFilterChain.internalDoFilter(ApplicationFilterChain.java:239)
	at org.apache.catalina.core.ApplicationFilterChain.doFilter(ApplicationFilterChain.java:206)
	at org.springframework.web.filter.CharacterEncodingFilter.doFilterInternal(CharacterEncodingFilter.java:88)
	at org.springframework.web.filter.OncePerRequestFilter.doFilter(OncePerRequestFilter.java:107)
	at org.apache.catalina.core.ApplicationFilterChain.internalDoFilter(ApplicationFilterChain.java:239)
	at org.apache.catalina.core.ApplicationFilterChain.doFilter(ApplicationFilterChain.java:206)
	at org.apache.catalina.core.StandardWrapperValve.invoke(StandardWrapperValve.java:219)
	at org.apache.catalina.core.StandardContextValve.invoke(StandardContextValve.java:106)
	at org.apache.catalina.authenticator.AuthenticatorBase.invoke(AuthenticatorBase.java:501)
	at org.apache.catalina.core.StandardHostValve.invoke(StandardHostValve.java:142)
	at org.apache.catalina.valves.ErrorReportValve.invoke(ErrorReportValve.java:79)
	at org.apache.catalina.core.StandardEngineValve.invoke(StandardEngineValve.java:88)
	at org.apache.catalina.connector.CoyoteAdapter.service(CoyoteAdapter.java:516)
	at org.apache.coyote.http11.AbstractHttp11Processor.process(AbstractHttp11Processor.java:1086)
	at org.apache.coyote.AbstractProtocol$AbstractConnectionHandler.process(AbstractProtocol.java:659)
	at org.apache.coyote.http11.Http11NioProtocol$Http11ConnectionHandler.process(Http11NioProtocol.java:223)
	at org.apache.tomcat.util.net.NioEndpoint$SocketProcessor.doRun(NioEndpoint.java:1558)
	at org.apache.tomcat.util.net.NioEndpoint$SocketProcessor.run(NioEndpoint.java:1515)
	at java.util.concurrent.ThreadPoolExecutor.runWorker(ThreadPoolExecutor.java:1142)
	at java.util.concurrent.ThreadPoolExecutor$Worker.run(ThreadPoolExecutor.java:617)
	at org.apache.tomcat.util.threads.TaskThread$WrappingRunnable.run(TaskThread.java:61)
	at java.lang.Thread.run(Thread.java:745)

2015-03-03 15:25:36.003 ERROR 5152 --- [http-nio-8088-exec-7] o.a.c.c.C.[.[.[.[dispatcherServlet]      : Servlet.service() for servlet [dispatcherServlet] in context with path [/SpringAll] threw exception [The absolute uri: http://www.springframework.org/security/tags cannot be resolved in either web.xml or the jar files deployed with this application] with root cause

org.apache.jasper.JasperException: The absolute uri: http://www.springframework.org/security/tags cannot be resolved in either web.xml or the jar files deployed with this application
	at org.apache.jasper.compiler.DefaultErrorHandler.jspError(DefaultErrorHandler.java:55)
	at org.apache.jasper.compiler.ErrorDispatcher.dispatch(ErrorDispatcher.java:277)
	at org.apache.jasper.compiler.ErrorDispatcher.jspError(ErrorDispatcher.java:75)
	at org.apache.jasper.compiler.TagLibraryInfoImpl.generateTldResourcePath(TagLibraryInfoImpl.java:240)
	at org.apache.jasper.compiler.TagLibraryInfoImpl.<init>(TagLibraryInfoImpl.java:124)
	at org.apache.jasper.compiler.Parser.parseTaglibDirective(Parser.java:411)
	at org.apache.jasper.compiler.Parser.parseDirective(Parser.java:469)
	at org.apache.jasper.compiler.Parser.parseElements(Parser.java:1430)
	at org.apache.jasper.compiler.Parser.parse(Parser.java:139)
	at org.apache.jasper.compiler.ParserController.doParse(ParserController.java:227)
	at org.apache.jasper.compiler.ParserController.parse(ParserController.java:100)
	at org.apache.jasper.compiler.Compiler.generateJava(Compiler.java:199)
	at org.apache.jasper.compiler.Compiler.compile(Compiler.java:356)
	at org.apache.jasper.compiler.Compiler.compile(Compiler.java:336)
	at org.apache.jasper.compiler.Compiler.compile(Compiler.java:323)
	at org.apache.jasper.JspCompilationContext.compile(JspCompilationContext.java:570)
	at org.apache.jasper.servlet.JspServletWrapper.service(JspServletWrapper.java:356)
	at org.apache.jasper.servlet.JspServlet.serviceJspFile(JspServlet.java:396)
	at org.apache.jasper.servlet.JspServlet.service(JspServlet.java:340)
	at javax.servlet.http.HttpServlet.service(HttpServlet.java:725)
	at org.apache.catalina.core.ApplicationFilterChain.internalDoFilter(ApplicationFilterChain.java:291)
	at org.apache.catalina.core.ApplicationFilterChain.doFilter(ApplicationFilterChain.java:206)
	at org.apache.tomcat.websocket.server.WsFilter.doFilter(WsFilter.java:52)
	at org.apache.catalina.core.ApplicationFilterChain.internalDoFilter(ApplicationFilterChain.java:239)
	at org.apache.catalina.core.ApplicationFilterChain.doFilter(ApplicationFilterChain.java:206)
	at org.springframework.web.filter.OncePerRequestFilter.doFilter(OncePerRequestFilter.java:101)
	at org.apache.catalina.core.ApplicationFilterChain.internalDoFilter(ApplicationFilterChain.java:239)
	at org.apache.catalina.core.ApplicationFilterChain.doFilter(ApplicationFilterChain.java:206)
	at org.springframework.security.web.authentication.AbstractAuthenticationProcessingFilter.doFilter(AbstractAuthenticationProcessingFilter.java:199)
	at org.apache.catalina.core.ApplicationFilterChain.internalDoFilter(ApplicationFilterChain.java:239)
	at org.apache.catalina.core.ApplicationFilterChain.doFilter(ApplicationFilterChain.java:206)
	at org.springframework.security.web.access.intercept.FilterSecurityInterceptor.invoke(FilterSecurityInterceptor.java:108)
	at org.springframework.security.web.access.intercept.FilterSecurityInterceptor.doFilter(FilterSecurityInterceptor.java:84)
	at org.apache.catalina.core.ApplicationFilterChain.internalDoFilter(ApplicationFilterChain.java:239)
	at org.apache.catalina.core.ApplicationFilterChain.doFilter(ApplicationFilterChain.java:206)
	at org.springframework.security.web.FilterChainProxy$VirtualFilterChain.doFilter(FilterChainProxy.java:330)
	at org.springframework.security.web.access.intercept.FilterSecurityInterceptor.invoke(FilterSecurityInterceptor.java:108)
	at org.springframework.security.web.access.intercept.FilterSecurityInterceptor.doFilter(FilterSecurityInterceptor.java:84)
	at org.springframework.security.web.FilterChainProxy$VirtualFilterChain.doFilter(FilterChainProxy.java:342)
	at org.springframework.security.web.access.ExceptionTranslationFilter.doFilter(ExceptionTranslationFilter.java:113)
	at org.springframework.security.web.FilterChainProxy$VirtualFilterChain.doFilter(FilterChainProxy.java:342)
	at org.springframework.security.web.session.SessionManagementFilter.doFilter(SessionManagementFilter.java:64)
	at org.springframework.security.web.FilterChainProxy$VirtualFilterChain.doFilter(FilterChainProxy.java:342)
	at org.springframework.security.web.authentication.AnonymousAuthenticationFilter.doFilter(AnonymousAuthenticationFilter.java:113)
	at org.springframework.security.web.FilterChainProxy$VirtualFilterChain.doFilter(FilterChainProxy.java:342)
	at org.springframework.security.web.servletapi.SecurityContextHolderAwareRequestFilter.doFilter(SecurityContextHolderAwareRequestFilter.java:154)
	at org.springframework.security.web.FilterChainProxy$VirtualFilterChain.doFilter(FilterChainProxy.java:342)
	at org.springframework.security.web.savedrequest.RequestCacheAwareFilter.doFilter(RequestCacheAwareFilter.java:45)
	at org.springframework.security.web.FilterChainProxy$VirtualFilterChain.doFilter(FilterChainProxy.java:342)
	at org.springframework.security.web.authentication.www.BasicAuthenticationFilter.doFilter(BasicAuthenticationFilter.java:150)
	at org.springframework.security.web.FilterChainProxy$VirtualFilterChain.doFilter(FilterChainProxy.java:342)
	at org.springframework.security.web.authentication.ui.DefaultLoginPageGeneratingFilter.doFilter(DefaultLoginPageGeneratingFilter.java:155)
	at org.springframework.security.web.FilterChainProxy$VirtualFilterChain.doFilter(FilterChainProxy.java:342)
	at org.springframework.security.web.authentication.AbstractAuthenticationProcessingFilter.doFilter(AbstractAuthenticationProcessingFilter.java:199)
	at org.springframework.security.web.FilterChainProxy$VirtualFilterChain.doFilter(FilterChainProxy.java:342)
	at org.springframework.security.web.authentication.logout.LogoutFilter.doFilter(LogoutFilter.java:110)
	at org.springframework.security.web.FilterChainProxy$VirtualFilterChain.doFilter(FilterChainProxy.java:342)
	at org.springframework.web.filter.OncePerRequestFilter.doFilter(OncePerRequestFilter.java:101)
	at org.springframework.security.web.FilterChainProxy$VirtualFilterChain.doFilter(FilterChainProxy.java:342)
	at org.springframework.security.web.context.SecurityContextPersistenceFilter.doFilter(SecurityContextPersistenceFilter.java:65)
	at org.springframework.security.web.FilterChainProxy$VirtualFilterChain.doFilter(FilterChainProxy.java:342)
	at org.springframework.security.web.FilterChainProxy.doFilterInternal(FilterChainProxy.java:192)
	at org.springframework.security.web.FilterChainProxy.doFilter(FilterChainProxy.java:166)
	at org.apache.catalina.core.ApplicationFilterChain.internalDoFilter(ApplicationFilterChain.java:239)
	at org.apache.catalina.core.ApplicationFilterChain.doFilter(ApplicationFilterChain.java:206)
	at org.springframework.web.filter.OncePerRequestFilter.doFilter(OncePerRequestFilter.java:101)
	at org.apache.catalina.core.ApplicationFilterChain.internalDoFilter(ApplicationFilterChain.java:239)
	at org.apache.catalina.core.ApplicationFilterChain.doFilter(ApplicationFilterChain.java:206)
	at org.apache.catalina.core.ApplicationDispatcher.invoke(ApplicationDispatcher.java:721)
	at org.apache.catalina.core.ApplicationDispatcher.processRequest(ApplicationDispatcher.java:466)
	at org.apache.catalina.core.ApplicationDispatcher.doForward(ApplicationDispatcher.java:391)
	at org.apache.catalina.core.ApplicationDispatcher.forward(ApplicationDispatcher.java:318)
	at org.springframework.web.servlet.view.InternalResourceView.renderMergedOutputModel(InternalResourceView.java:168)
	at org.springframework.web.servlet.view.AbstractView.render(AbstractView.java:303)
	at org.springframework.web.servlet.DispatcherServlet.render(DispatcherServlet.java:1228)
	at org.springframework.web.servlet.DispatcherServlet.processDispatchResult(DispatcherServlet.java:1011)
	at org.springframework.web.servlet.DispatcherServlet.doDispatch(DispatcherServlet.java:955)
	at org.springframework.web.servlet.DispatcherServlet.doService(DispatcherServlet.java:877)
	at org.springframework.web.servlet.FrameworkServlet.processRequest(FrameworkServlet.java:966)
	at org.springframework.web.servlet.FrameworkServlet.doGet(FrameworkServlet.java:857)
	at javax.servlet.http.HttpServlet.service(HttpServlet.java:618)
	at org.springframework.web.servlet.FrameworkServlet.service(FrameworkServlet.java:842)
	at javax.servlet.http.HttpServlet.service(HttpServlet.java:725)
	at org.apache.catalina.core.ApplicationFilterChain.internalDoFilter(ApplicationFilterChain.java:291)
	at org.apache.catalina.core.ApplicationFilterChain.doFilter(ApplicationFilterChain.java:206)
	at org.apache.tomcat.websocket.server.WsFilter.doFilter(WsFilter.java:52)
	at org.apache.catalina.core.ApplicationFilterChain.internalDoFilter(ApplicationFilterChain.java:239)
	at org.apache.catalina.core.ApplicationFilterChain.doFilter(ApplicationFilterChain.java:206)
	at org.springframework.web.filter.HiddenHttpMethodFilter.doFilterInternal(HiddenHttpMethodFilter.java:77)
	at org.springframework.web.filter.OncePerRequestFilter.doFilter(OncePerRequestFilter.java:107)
	at org.apache.catalina.core.ApplicationFilterChain.internalDoFilter(ApplicationFilterChain.java:239)
	at org.apache.catalina.core.ApplicationFilterChain.doFilter(ApplicationFilterChain.java:206)
	at org.springframework.security.web.authentication.AbstractAuthenticationProcessingFilter.doFilter(AbstractAuthenticationProcessingFilter.java:199)
	at org.apache.catalina.core.ApplicationFilterChain.internalDoFilter(ApplicationFilterChain.java:239)
	at org.apache.catalina.core.ApplicationFilterChain.doFilter(ApplicationFilterChain.java:206)
	at org.springframework.security.web.access.intercept.FilterSecurityInterceptor.invoke(FilterSecurityInterceptor.java:108)
	at org.springframework.security.web.access.intercept.FilterSecurityInterceptor.doFilter(FilterSecurityInterceptor.java:84)
	at org.apache.catalina.core.ApplicationFilterChain.internalDoFilter(ApplicationFilterChain.java:239)
	at org.apache.catalina.core.ApplicationFilterChain.doFilter(ApplicationFilterChain.java:206)
	at org.springframework.security.web.FilterChainProxy$VirtualFilterChain.doFilter(FilterChainProxy.java:330)
	at org.springframework.security.web.access.intercept.FilterSecurityInterceptor.invoke(FilterSecurityInterceptor.java:118)
	at org.springframework.security.web.access.intercept.FilterSecurityInterceptor.doFilter(FilterSecurityInterceptor.java:84)
	at org.springframework.security.web.FilterChainProxy$VirtualFilterChain.doFilter(FilterChainProxy.java:342)
	at org.springframework.security.web.access.ExceptionTranslationFilter.doFilter(ExceptionTranslationFilter.java:113)
	at org.springframework.security.web.FilterChainProxy$VirtualFilterChain.doFilter(FilterChainProxy.java:342)
	at org.springframework.security.web.session.SessionManagementFilter.doFilter(SessionManagementFilter.java:103)
	at org.springframework.security.web.FilterChainProxy$VirtualFilterChain.doFilter(FilterChainProxy.java:342)
	at org.springframework.security.web.authentication.AnonymousAuthenticationFilter.doFilter(AnonymousAuthenticationFilter.java:113)
	at org.springframework.security.web.FilterChainProxy$VirtualFilterChain.doFilter(FilterChainProxy.java:342)
	at org.springframework.security.web.servletapi.SecurityContextHolderAwareRequestFilter.doFilter(SecurityContextHolderAwareRequestFilter.java:154)
	at org.springframework.security.web.FilterChainProxy$VirtualFilterChain.doFilter(FilterChainProxy.java:342)
	at org.springframework.security.web.savedrequest.RequestCacheAwareFilter.doFilter(RequestCacheAwareFilter.java:45)
	at org.springframework.security.web.FilterChainProxy$VirtualFilterChain.doFilter(FilterChainProxy.java:342)
	at org.springframework.security.web.authentication.www.BasicAuthenticationFilter.doFilter(BasicAuthenticationFilter.java:150)
	at org.springframework.security.web.FilterChainProxy$VirtualFilterChain.doFilter(FilterChainProxy.java:342)
	at org.springframework.security.web.authentication.ui.DefaultLoginPageGeneratingFilter.doFilter(DefaultLoginPageGeneratingFilter.java:155)
	at org.springframework.security.web.FilterChainProxy$VirtualFilterChain.doFilter(FilterChainProxy.java:342)
	at org.springframework.security.web.authentication.AbstractAuthenticationProcessingFilter.doFilter(AbstractAuthenticationProcessingFilter.java:199)
	at org.springframework.security.web.FilterChainProxy$VirtualFilterChain.doFilter(FilterChainProxy.java:342)
	at org.springframework.security.web.authentication.logout.LogoutFilter.doFilter(LogoutFilter.java:110)
	at org.springframework.security.web.FilterChainProxy$VirtualFilterChain.doFilter(FilterChainProxy.java:342)
	at org.springframework.security.web.context.request.async.WebAsyncManagerIntegrationFilter.doFilterInternal(WebAsyncManagerIntegrationFilter.java:50)
	at org.springframework.web.filter.OncePerRequestFilter.doFilter(OncePerRequestFilter.java:107)
	at org.springframework.security.web.FilterChainProxy$VirtualFilterChain.doFilter(FilterChainProxy.java:342)
	at org.springframework.security.web.context.SecurityContextPersistenceFilter.doFilter(SecurityContextPersistenceFilter.java:87)
	at org.springframework.security.web.FilterChainProxy$VirtualFilterChain.doFilter(FilterChainProxy.java:342)
	at org.springframework.security.web.FilterChainProxy.doFilterInternal(FilterChainProxy.java:192)
	at org.springframework.security.web.FilterChainProxy.doFilter(FilterChainProxy.java:160)
	at org.apache.catalina.core.ApplicationFilterChain.internalDoFilter(ApplicationFilterChain.java:239)
	at org.apache.catalina.core.ApplicationFilterChain.doFilter(ApplicationFilterChain.java:206)
	at org.springframework.web.filter.CharacterEncodingFilter.doFilterInternal(CharacterEncodingFilter.java:88)
	at org.springframework.web.filter.OncePerRequestFilter.doFilter(OncePerRequestFilter.java:107)
	at org.apache.catalina.core.ApplicationFilterChain.internalDoFilter(ApplicationFilterChain.java:239)
	at org.apache.catalina.core.ApplicationFilterChain.doFilter(ApplicationFilterChain.java:206)
	at org.apache.catalina.core.StandardWrapperValve.invoke(StandardWrapperValve.java:219)
	at org.apache.catalina.core.StandardContextValve.invoke(StandardContextValve.java:106)
	at org.apache.catalina.authenticator.AuthenticatorBase.invoke(AuthenticatorBase.java:501)
	at org.apache.catalina.core.StandardHostValve.invoke(StandardHostValve.java:142)
	at org.apache.catalina.valves.ErrorReportValve.invoke(ErrorReportValve.java:79)
	at org.apache.catalina.core.StandardEngineValve.invoke(StandardEngineValve.java:88)
	at org.apache.catalina.connector.CoyoteAdapter.service(CoyoteAdapter.java:516)
	at org.apache.coyote.http11.AbstractHttp11Processor.process(AbstractHttp11Processor.java:1086)
	at org.apache.coyote.AbstractProtocol$AbstractConnectionHandler.process(AbstractProtocol.java:659)
	at org.apache.coyote.http11.Http11NioProtocol$Http11ConnectionHandler.process(Http11NioProtocol.java:223)
	at org.apache.tomcat.util.net.NioEndpoint$SocketProcessor.doRun(NioEndpoint.java:1558)
	at org.apache.tomcat.util.net.NioEndpoint$SocketProcessor.run(NioEndpoint.java:1515)
	at java.util.concurrent.ThreadPoolExecutor.runWorker(ThreadPoolExecutor.java:1142)
	at java.util.concurrent.ThreadPoolExecutor$Worker.run(ThreadPoolExecutor.java:617)
	at org.apache.tomcat.util.threads.TaskThread$WrappingRunnable.run(TaskThread.java:61)
	at java.lang.Thread.run(Thread.java:745)

2015-03-03 15:27:53.284  INFO 4152 --- [main] spring.Application                       : Starting Application on EPUAKYIW1562 with PID 4152 (C:\Users\Sergii_Tsymbaliuk\ws\SpringAll\target\classes started by Sergii_Tsymbaliuk in C:\Users\Sergii_Tsymbaliuk\ws\SpringAll)
2015-03-03 15:27:55.477  INFO 4152 --- [main] o.apache.catalina.core.StandardService   : Starting service Tomcat
2015-03-03 15:27:55.479  INFO 4152 --- [main] org.apache.catalina.core.StandardEngine  : Starting Servlet Engine: Apache Tomcat/8.0.20
2015-03-03 15:27:55.763  INFO 4152 --- [localhost-startStop-1] o.a.c.c.C.[.[localhost].[/SpringAll]     : Initializing Spring embedded WebApplicationContext
2015-03-03 15:27:55.763  INFO 4152 --- [localhost-startStop-1] o.s.web.context.ContextLoader            : Root WebApplicationContext: initialization completed in 2447 ms
2015-03-03 15:27:58.583  INFO 4152 --- [main] s.w.s.m.m.a.RequestMappingHandlerAdapter : Looking for @ControllerAdvice: org.springframework.boot.context.embedded.AnnotationConfigEmbeddedWebApplicationContext@704921a5: startup date [Tue Mar 03 15:27:53 EET 2015]; root of context hierarchy
2015-03-03 15:27:58.643  INFO 4152 --- [main] s.w.s.m.m.a.RequestMappingHandlerMapping : Mapped "{[/person/edit],methods=[GET],params=[],headers=[],consumes=[],produces=[],custom=[]}" onto public java.lang.String spring.person.web.PersonController.showEditPersonForm()
2015-03-03 15:27:58.643  INFO 4152 --- [main] s.w.s.m.m.a.RequestMappingHandlerMapping : Mapped "{[/person],methods=[],params=[],headers=[],consumes=[],produces=[],custom=[]}" onto public java.lang.String spring.person.web.PersonController.showPersonList(org.springframework.ui.Model)
2015-03-03 15:27:58.643  INFO 4152 --- [main] s.w.s.m.m.a.RequestMappingHandlerMapping : Mapped "{[/person/view],methods=[],params=[],headers=[],consumes=[],produces=[],custom=[]}" onto public java.lang.String spring.person.web.PersonController.showViewForm(org.springframework.ui.Model)
2015-03-03 15:27:58.643  INFO 4152 --- [main] s.w.s.m.m.a.RequestMappingHandlerMapping : Mapped "{[/person/add],methods=[GET],params=[],headers=[],consumes=[],produces=[],custom=[]}" onto public java.lang.String spring.person.web.PersonController.showAddform()
2015-03-03 15:27:58.644  INFO 4152 --- [main] s.w.s.m.m.a.RequestMappingHandlerMapping : Mapped "{[/person/add || /person/edit],methods=[POST],params=[],headers=[],consumes=[],produces=[],custom=[]}" onto public java.lang.String spring.person.web.PersonController.savePerson(spring.person.Person)
2015-03-03 15:27:58.644  INFO 4152 --- [main] s.w.s.m.m.a.RequestMappingHandlerMapping : Mapped "{[/person/delete],methods=[POST],params=[],headers=[],consumes=[],produces=[],custom=[]}" onto public java.lang.String spring.person.web.PersonController.deletePerson(spring.person.Person)
2015-03-03 15:27:58.644  INFO 4152 --- [main] s.w.s.m.m.a.RequestMappingHandlerMapping : Mapped "{[/ws/person/{id}],methods=[GET],params=[],headers=[],consumes=[],produces=[],custom=[]}" onto public java.lang.String spring.person.web.PersonRestController.showViewForm(spring.person.Person,org.springframework.ui.Model)
2015-03-03 15:27:58.645  INFO 4152 --- [main] s.w.s.m.m.a.RequestMappingHandlerMapping : Mapped "{[/error],methods=[],params=[],headers=[],consumes=[],produces=[],custom=[]}" onto public org.springframework.http.ResponseEntity<java.util.Map<java.lang.String, java.lang.Object>> org.springframework.boot.autoconfigure.web.BasicErrorController.error(javax.servlet.http.HttpServletRequest)
2015-03-03 15:27:58.645  INFO 4152 --- [main] s.w.s.m.m.a.RequestMappingHandlerMapping : Mapped "{[/error],methods=[],params=[],headers=[],consumes=[],produces=[text/html],custom=[]}" onto public org.springframework.web.servlet.ModelAndView org.springframework.boot.autoconfigure.web.BasicErrorController.errorHtml(javax.servlet.http.HttpServletRequest)
2015-03-03 15:27:58.681  INFO 4152 --- [main] o.s.w.s.handler.SimpleUrlHandlerMapping  : Mapped URL path [/webjars/**] onto handler of type [class org.springframework.web.servlet.resource.ResourceHttpRequestHandler]
2015-03-03 15:27:58.681  INFO 4152 --- [main] o.s.w.s.handler.SimpleUrlHandlerMapping  : Mapped URL path [/**] onto handler of type [class org.springframework.web.servlet.resource.ResourceHttpRequestHandler]
2015-03-03 15:27:58.723  INFO 4152 --- [main] o.s.w.s.handler.SimpleUrlHandlerMapping  : Mapped URL path [/**/favicon.ico] onto handler of type [class org.springframework.web.servlet.resource.ResourceHttpRequestHandler]
2015-03-03 15:27:59.165  INFO 4152 --- [main] spring.Application                       : Started Application in 6.101 seconds (JVM running for 6.426)
2015-03-03 15:35:00.425  INFO 3708 --- [main] spring.Application                       : Starting Application on EPUAKYIW1562 with PID 3708 (C:\Users\Sergii_Tsymbaliuk\ws\SpringAll\target\classes started by Sergii_Tsymbaliuk in C:\Users\Sergii_Tsymbaliuk\ws\SpringAll)
2015-03-03 15:35:00.428 DEBUG 3708 --- [main] spring.Application                       : Running with Spring Boot v1.2.2.RELEASE, Spring v4.1.5.RELEASE
2015-03-03 15:35:01.115 ERROR 3708 --- [main] o.s.boot.SpringApplication               : Application startup failed

org.springframework.beans.factory.BeanDefinitionStoreException: Unexpected exception parsing XML document from class path resource [securityContext.xml]; nested exception is java.lang.NoClassDefFoundError: org/springframework/security/web/util/matcher/AntPathRequestMatcher
	at org.springframework.beans.factory.xml.XmlBeanDefinitionReader.doLoadBeanDefinitions(XmlBeanDefinitionReader.java:414)
	at org.springframework.beans.factory.xml.XmlBeanDefinitionReader.loadBeanDefinitions(XmlBeanDefinitionReader.java:336)
	at org.springframework.beans.factory.xml.XmlBeanDefinitionReader.loadBeanDefinitions(XmlBeanDefinitionReader.java:304)
	at org.springframework.beans.factory.support.AbstractBeanDefinitionReader.loadBeanDefinitions(AbstractBeanDefinitionReader.java:181)
	at org.springframework.beans.factory.support.AbstractBeanDefinitionReader.loadBeanDefinitions(AbstractBeanDefinitionReader.java:217)
	at org.springframework.beans.factory.support.AbstractBeanDefinitionReader.loadBeanDefinitions(AbstractBeanDefinitionReader.java:188)
	at org.springframework.context.annotation.ConfigurationClassBeanDefinitionReader.loadBeanDefinitionsFromImportedResources(ConfigurationClassBeanDefinitionReader.java:346)
	at org.springframework.context.annotation.ConfigurationClassBeanDefinitionReader.loadBeanDefinitionsForConfigurationClass(ConfigurationClassBeanDefinitionReader.java:150)
	at org.springframework.context.annotation.ConfigurationClassBeanDefinitionReader.loadBeanDefinitions(ConfigurationClassBeanDefinitionReader.java:124)
	at org.springframework.context.annotation.ConfigurationClassPostProcessor.processConfigBeanDefinitions(ConfigurationClassPostProcessor.java:318)
	at org.springframework.context.annotation.ConfigurationClassPostProcessor.postProcessBeanDefinitionRegistry(ConfigurationClassPostProcessor.java:239)
	at org.springframework.context.support.PostProcessorRegistrationDelegate.invokeBeanDefinitionRegistryPostProcessors(PostProcessorRegistrationDelegate.java:254)
	at org.springframework.context.support.PostProcessorRegistrationDelegate.invokeBeanFactoryPostProcessors(PostProcessorRegistrationDelegate.java:94)
	at org.springframework.context.support.AbstractApplicationContext.invokeBeanFactoryPostProcessors(AbstractApplicationContext.java:606)
	at org.springframework.context.support.AbstractApplicationContext.refresh(AbstractApplicationContext.java:462)
	at org.springframework.boot.context.embedded.EmbeddedWebApplicationContext.refresh(EmbeddedWebApplicationContext.java:118)
	at org.springframework.boot.SpringApplication.refresh(SpringApplication.java:686)
	at org.springframework.boot.SpringApplication.run(SpringApplication.java:320)
	at spring.Application.main(Application.java:27)
Caused by: java.lang.NoClassDefFoundError: org/springframework/security/web/util/matcher/AntPathRequestMatcher
	at org.springframework.security.config.http.MatcherType.<clinit>(MatcherType.java:22)
	at org.springframework.security.config.http.HttpConfigurationBuilder.<init>(HttpConfigurationBuilder.java:143)
	at org.springframework.security.config.http.HttpSecurityBeanDefinitionParser.createFilterChain(HttpSecurityBeanDefinitionParser.java:135)
	at org.springframework.security.config.http.HttpSecurityBeanDefinitionParser.parse(HttpSecurityBeanDefinitionParser.java:99)
	at org.springframework.security.config.SecurityNamespaceHandler.parse(SecurityNamespaceHandler.java:106)
	at org.springframework.beans.factory.xml.BeanDefinitionParserDelegate.parseCustomElement(BeanDefinitionParserDelegate.java:1427)
	at org.springframework.beans.factory.xml.BeanDefinitionParserDelegate.parseCustomElement(BeanDefinitionParserDelegate.java:1417)
	at org.springframework.beans.factory.xml.DefaultBeanDefinitionDocumentReader.parseBeanDefinitions(DefaultBeanDefinitionDocumentReader.java:174)
	at org.springframework.beans.factory.xml.DefaultBeanDefinitionDocumentReader.doRegisterBeanDefinitions(DefaultBeanDefinitionDocumentReader.java:144)
	at org.springframework.beans.factory.xml.DefaultBeanDefinitionDocumentReader.registerBeanDefinitions(DefaultBeanDefinitionDocumentReader.java:100)
	at org.springframework.beans.factory.xml.XmlBeanDefinitionReader.registerBeanDefinitions(XmlBeanDefinitionReader.java:510)
	at org.springframework.beans.factory.xml.XmlBeanDefinitionReader.doLoadBeanDefinitions(XmlBeanDefinitionReader.java:392)
	... 18 common frames omitted
Caused by: java.lang.ClassNotFoundException: org.springframework.security.web.util.matcher.AntPathRequestMatcher
	at java.net.URLClassLoader$1.run(URLClassLoader.java:372)
	at java.net.URLClassLoader$1.run(URLClassLoader.java:361)
	at java.security.AccessController.doPrivileged(Native Method)
	at java.net.URLClassLoader.findClass(URLClassLoader.java:360)
	at java.lang.ClassLoader.loadClass(ClassLoader.java:424)
	at sun.misc.Launcher$AppClassLoader.loadClass(Launcher.java:308)
	at java.lang.ClassLoader.loadClass(ClassLoader.java:357)
	... 30 common frames omitted

2015-03-03 15:35:41.392  INFO 6028 --- [main] spring.Application                       : Starting Application on EPUAKYIW1562 with PID 6028 (C:\Users\Sergii_Tsymbaliuk\ws\SpringAll\target\classes started by Sergii_Tsymbaliuk in C:\Users\Sergii_Tsymbaliuk\ws\SpringAll)
2015-03-03 15:35:41.394 DEBUG 6028 --- [main] spring.Application                       : Running with Spring Boot v1.2.2.RELEASE, Spring v4.1.5.RELEASE
2015-03-03 15:35:43.499  INFO 6028 --- [main] o.apache.catalina.core.StandardService   : Starting service Tomcat
2015-03-03 15:35:43.500  INFO 6028 --- [main] org.apache.catalina.core.StandardEngine  : Starting Servlet Engine: Apache Tomcat/8.0.20
2015-03-03 15:35:43.792  INFO 6028 --- [localhost-startStop-1] o.a.c.c.C.[.[localhost].[/SpringAll]     : Initializing Spring embedded WebApplicationContext
2015-03-03 15:35:43.792  INFO 6028 --- [localhost-startStop-1] o.s.web.context.ContextLoader            : Root WebApplicationContext: initialization completed in 2369 ms
2015-03-03 15:35:46.712  INFO 6028 --- [main] s.w.s.m.m.a.RequestMappingHandlerAdapter : Looking for @ControllerAdvice: org.springframework.boot.context.embedded.AnnotationConfigEmbeddedWebApplicationContext@704921a5: startup date [Tue Mar 03 15:35:41 EET 2015]; root of context hierarchy
2015-03-03 15:35:46.775  INFO 6028 --- [main] s.w.s.m.m.a.RequestMappingHandlerMapping : Mapped "{[/person/edit],methods=[GET],params=[],headers=[],consumes=[],produces=[],custom=[]}" onto public java.lang.String spring.person.web.PersonController.showEditPersonForm()
2015-03-03 15:35:46.776  INFO 6028 --- [main] s.w.s.m.m.a.RequestMappingHandlerMapping : Mapped "{[/person],methods=[],params=[],headers=[],consumes=[],produces=[],custom=[]}" onto public java.lang.String spring.person.web.PersonController.showPersonList(org.springframework.ui.Model)
2015-03-03 15:35:46.777  INFO 6028 --- [main] s.w.s.m.m.a.RequestMappingHandlerMapping : Mapped "{[/person/view],methods=[],params=[],headers=[],consumes=[],produces=[],custom=[]}" onto public java.lang.String spring.person.web.PersonController.showViewForm(org.springframework.ui.Model)
2015-03-03 15:35:46.777  INFO 6028 --- [main] s.w.s.m.m.a.RequestMappingHandlerMapping : Mapped "{[/person/add],methods=[GET],params=[],headers=[],consumes=[],produces=[],custom=[]}" onto public java.lang.String spring.person.web.PersonController.showAddform()
2015-03-03 15:35:46.778  INFO 6028 --- [main] s.w.s.m.m.a.RequestMappingHandlerMapping : Mapped "{[/person/add || /person/edit],methods=[POST],params=[],headers=[],consumes=[],produces=[],custom=[]}" onto public java.lang.String spring.person.web.PersonController.savePerson(spring.person.Person)
2015-03-03 15:35:46.778  INFO 6028 --- [main] s.w.s.m.m.a.RequestMappingHandlerMapping : Mapped "{[/person/delete],methods=[POST],params=[],headers=[],consumes=[],produces=[],custom=[]}" onto public java.lang.String spring.person.web.PersonController.deletePerson(spring.person.Person)
2015-03-03 15:35:46.779  INFO 6028 --- [main] s.w.s.m.m.a.RequestMappingHandlerMapping : Mapped "{[/ws/person/{id}],methods=[GET],params=[],headers=[],consumes=[],produces=[],custom=[]}" onto public java.lang.String spring.person.web.PersonRestController.showViewForm(spring.person.Person,org.springframework.ui.Model)
2015-03-03 15:35:46.781  INFO 6028 --- [main] s.w.s.m.m.a.RequestMappingHandlerMapping : Mapped "{[/error],methods=[],params=[],headers=[],consumes=[],produces=[],custom=[]}" onto public org.springframework.http.ResponseEntity<java.util.Map<java.lang.String, java.lang.Object>> org.springframework.boot.autoconfigure.web.BasicErrorController.error(javax.servlet.http.HttpServletRequest)
2015-03-03 15:35:46.782  INFO 6028 --- [main] s.w.s.m.m.a.RequestMappingHandlerMapping : Mapped "{[/error],methods=[],params=[],headers=[],consumes=[],produces=[text/html],custom=[]}" onto public org.springframework.web.servlet.ModelAndView org.springframework.boot.autoconfigure.web.BasicErrorController.errorHtml(javax.servlet.http.HttpServletRequest)
2015-03-03 15:35:46.824  INFO 6028 --- [main] o.s.w.s.handler.SimpleUrlHandlerMapping  : Mapped URL path [/webjars/**] onto handler of type [class org.springframework.web.servlet.resource.ResourceHttpRequestHandler]
2015-03-03 15:35:46.825  INFO 6028 --- [main] o.s.w.s.handler.SimpleUrlHandlerMapping  : Mapped URL path [/**] onto handler of type [class org.springframework.web.servlet.resource.ResourceHttpRequestHandler]
2015-03-03 15:35:46.877  INFO 6028 --- [main] o.s.w.s.handler.SimpleUrlHandlerMapping  : Mapped URL path [/**/favicon.ico] onto handler of type [class org.springframework.web.servlet.resource.ResourceHttpRequestHandler]
2015-03-03 15:35:47.384  INFO 6028 --- [main] spring.Application                       : Started Application in 6.215 seconds (JVM running for 6.538)
2015-03-03 15:37:51.163  INFO 6056 --- [main] spring.Application                       : Starting Application on EPUAKYIW1562 with PID 6056 (C:\Users\Sergii_Tsymbaliuk\ws\SpringAll\target\classes started by Sergii_Tsymbaliuk in C:\Users\Sergii_Tsymbaliuk\ws\SpringAll)
2015-03-03 15:37:51.166 DEBUG 6056 --- [main] spring.Application                       : Running with Spring Boot v1.2.2.RELEASE, Spring v4.1.5.RELEASE
2015-03-03 15:37:53.212  INFO 6056 --- [main] o.apache.catalina.core.StandardService   : Starting service Tomcat
2015-03-03 15:37:53.214  INFO 6056 --- [main] org.apache.catalina.core.StandardEngine  : Starting Servlet Engine: Apache Tomcat/8.0.20
2015-03-03 15:37:53.505  INFO 6056 --- [localhost-startStop-1] o.a.c.c.C.[.[localhost].[/SpringAll]     : Initializing Spring embedded WebApplicationContext
2015-03-03 15:37:53.505  INFO 6056 --- [localhost-startStop-1] o.s.web.context.ContextLoader            : Root WebApplicationContext: initialization completed in 2310 ms
2015-03-03 15:37:56.323  INFO 6056 --- [main] s.w.s.m.m.a.RequestMappingHandlerAdapter : Looking for @ControllerAdvice: org.springframework.boot.context.embedded.AnnotationConfigEmbeddedWebApplicationContext@2f0a87b3: startup date [Tue Mar 03 15:37:51 EET 2015]; root of context hierarchy
2015-03-03 15:37:56.384  INFO 6056 --- [main] s.w.s.m.m.a.RequestMappingHandlerMapping : Mapped "{[/person/edit],methods=[GET],params=[],headers=[],consumes=[],produces=[],custom=[]}" onto public java.lang.String spring.person.web.PersonController.showEditPersonForm()
2015-03-03 15:37:56.385  INFO 6056 --- [main] s.w.s.m.m.a.RequestMappingHandlerMapping : Mapped "{[/person],methods=[],params=[],headers=[],consumes=[],produces=[],custom=[]}" onto public java.lang.String spring.person.web.PersonController.showPersonList(org.springframework.ui.Model)
2015-03-03 15:37:56.385  INFO 6056 --- [main] s.w.s.m.m.a.RequestMappingHandlerMapping : Mapped "{[/person/view],methods=[],params=[],headers=[],consumes=[],produces=[],custom=[]}" onto public java.lang.String spring.person.web.PersonController.showViewForm(org.springframework.ui.Model)
2015-03-03 15:37:56.385  INFO 6056 --- [main] s.w.s.m.m.a.RequestMappingHandlerMapping : Mapped "{[/person/add],methods=[GET],params=[],headers=[],consumes=[],produces=[],custom=[]}" onto public java.lang.String spring.person.web.PersonController.showAddform()
2015-03-03 15:37:56.385  INFO 6056 --- [main] s.w.s.m.m.a.RequestMappingHandlerMapping : Mapped "{[/person/add || /person/edit],methods=[POST],params=[],headers=[],consumes=[],produces=[],custom=[]}" onto public java.lang.String spring.person.web.PersonController.savePerson(spring.person.Person)
2015-03-03 15:37:56.385  INFO 6056 --- [main] s.w.s.m.m.a.RequestMappingHandlerMapping : Mapped "{[/person/delete],methods=[POST],params=[],headers=[],consumes=[],produces=[],custom=[]}" onto public java.lang.String spring.person.web.PersonController.deletePerson(spring.person.Person)
2015-03-03 15:37:56.386  INFO 6056 --- [main] s.w.s.m.m.a.RequestMappingHandlerMapping : Mapped "{[/ws/person/{id}],methods=[GET],params=[],headers=[],consumes=[],produces=[],custom=[]}" onto public java.lang.String spring.person.web.PersonRestController.showViewForm(spring.person.Person,org.springframework.ui.Model)
2015-03-03 15:37:56.387  INFO 6056 --- [main] s.w.s.m.m.a.RequestMappingHandlerMapping : Mapped "{[/error],methods=[],params=[],headers=[],consumes=[],produces=[],custom=[]}" onto public org.springframework.http.ResponseEntity<java.util.Map<java.lang.String, java.lang.Object>> org.springframework.boot.autoconfigure.web.BasicErrorController.error(javax.servlet.http.HttpServletRequest)
2015-03-03 15:37:56.387  INFO 6056 --- [main] s.w.s.m.m.a.RequestMappingHandlerMapping : Mapped "{[/error],methods=[],params=[],headers=[],consumes=[],produces=[text/html],custom=[]}" onto public org.springframework.web.servlet.ModelAndView org.springframework.boot.autoconfigure.web.BasicErrorController.errorHtml(javax.servlet.http.HttpServletRequest)
2015-03-03 15:37:56.422  INFO 6056 --- [main] o.s.w.s.handler.SimpleUrlHandlerMapping  : Mapped URL path [/webjars/**] onto handler of type [class org.springframework.web.servlet.resource.ResourceHttpRequestHandler]
2015-03-03 15:37:56.422  INFO 6056 --- [main] o.s.w.s.handler.SimpleUrlHandlerMapping  : Mapped URL path [/**] onto handler of type [class org.springframework.web.servlet.resource.ResourceHttpRequestHandler]
2015-03-03 15:37:56.464  INFO 6056 --- [main] o.s.w.s.handler.SimpleUrlHandlerMapping  : Mapped URL path [/**/favicon.ico] onto handler of type [class org.springframework.web.servlet.resource.ResourceHttpRequestHandler]
2015-03-03 15:37:56.901  INFO 6056 --- [main] spring.Application                       : Started Application in 5.961 seconds (JVM running for 6.289)
2015-03-03 15:38:19.510  INFO 6056 --- [http-nio-8088-exec-1] o.a.c.c.C.[.[localhost].[/SpringAll]     : Initializing Spring FrameworkServlet 'dispatcherServlet'
2015-03-03 15:38:19.510  INFO 6056 --- [http-nio-8088-exec-1] o.s.web.servlet.DispatcherServlet        : FrameworkServlet 'dispatcherServlet': initialization started
2015-03-03 15:38:19.533  INFO 6056 --- [http-nio-8088-exec-1] o.s.web.servlet.DispatcherServlet        : FrameworkServlet 'dispatcherServlet': initialization completed in 23 ms
2015-03-03 15:45:56.113  INFO 3244 --- [main] spring.Application                       : Starting Application on EPUAKYIW1562 with PID 3244 (C:\Users\Sergii_Tsymbaliuk\ws\SpringAll\target\classes started by Sergii_Tsymbaliuk in C:\Users\Sergii_Tsymbaliuk\ws\SpringAll)
2015-03-03 15:45:56.116 DEBUG 3244 --- [main] spring.Application                       : Running with Spring Boot v1.2.2.RELEASE, Spring v4.1.5.RELEASE
2015-03-03 15:45:58.244  INFO 3244 --- [main] o.apache.catalina.core.StandardService   : Starting service Tomcat
2015-03-03 15:45:58.245  INFO 3244 --- [main] org.apache.catalina.core.StandardEngine  : Starting Servlet Engine: Apache Tomcat/8.0.20
2015-03-03 15:45:58.568  INFO 3244 --- [localhost-startStop-1] o.a.c.c.C.[.[localhost].[/SpringAll]     : Initializing Spring embedded WebApplicationContext
2015-03-03 15:45:58.568  INFO 3244 --- [localhost-startStop-1] o.s.web.context.ContextLoader            : Root WebApplicationContext: initialization completed in 2421 ms
2015-03-03 15:46:01.399  INFO 3244 --- [main] s.w.s.m.m.a.RequestMappingHandlerAdapter : Looking for @ControllerAdvice: org.springframework.boot.context.embedded.AnnotationConfigEmbeddedWebApplicationContext@2f0a87b3: startup date [Tue Mar 03 15:45:56 EET 2015]; root of context hierarchy
2015-03-03 15:46:01.459  INFO 3244 --- [main] s.w.s.m.m.a.RequestMappingHandlerMapping : Mapped "{[/person/edit],methods=[GET],params=[],headers=[],consumes=[],produces=[],custom=[]}" onto public java.lang.String spring.person.web.PersonController.showEditPersonForm()
2015-03-03 15:46:01.460  INFO 3244 --- [main] s.w.s.m.m.a.RequestMappingHandlerMapping : Mapped "{[/person],methods=[],params=[],headers=[],consumes=[],produces=[],custom=[]}" onto public java.lang.String spring.person.web.PersonController.showPersonList(org.springframework.ui.Model)
2015-03-03 15:46:01.460  INFO 3244 --- [main] s.w.s.m.m.a.RequestMappingHandlerMapping : Mapped "{[/person/view],methods=[],params=[],headers=[],consumes=[],produces=[],custom=[]}" onto public java.lang.String spring.person.web.PersonController.showViewForm(org.springframework.ui.Model)
2015-03-03 15:46:01.460  INFO 3244 --- [main] s.w.s.m.m.a.RequestMappingHandlerMapping : Mapped "{[/person/add],methods=[GET],params=[],headers=[],consumes=[],produces=[],custom=[]}" onto public java.lang.String spring.person.web.PersonController.showAddform()
2015-03-03 15:46:01.460  INFO 3244 --- [main] s.w.s.m.m.a.RequestMappingHandlerMapping : Mapped "{[/person/add || /person/edit],methods=[POST],params=[],headers=[],consumes=[],produces=[],custom=[]}" onto public java.lang.String spring.person.web.PersonController.savePerson(spring.person.Person)
2015-03-03 15:46:01.461  INFO 3244 --- [main] s.w.s.m.m.a.RequestMappingHandlerMapping : Mapped "{[/person/delete],methods=[POST],params=[],headers=[],consumes=[],produces=[],custom=[]}" onto public java.lang.String spring.person.web.PersonController.deletePerson(spring.person.Person)
2015-03-03 15:46:01.461  INFO 3244 --- [main] s.w.s.m.m.a.RequestMappingHandlerMapping : Mapped "{[/ws/person/{id}],methods=[GET],params=[],headers=[],consumes=[],produces=[],custom=[]}" onto public java.lang.String spring.person.web.PersonRestController.showViewForm(spring.person.Person,org.springframework.ui.Model)
2015-03-03 15:46:01.462  INFO 3244 --- [main] s.w.s.m.m.a.RequestMappingHandlerMapping : Mapped "{[/error],methods=[],params=[],headers=[],consumes=[],produces=[],custom=[]}" onto public org.springframework.http.ResponseEntity<java.util.Map<java.lang.String, java.lang.Object>> org.springframework.boot.autoconfigure.web.BasicErrorController.error(javax.servlet.http.HttpServletRequest)
2015-03-03 15:46:01.462  INFO 3244 --- [main] s.w.s.m.m.a.RequestMappingHandlerMapping : Mapped "{[/error],methods=[],params=[],headers=[],consumes=[],produces=[text/html],custom=[]}" onto public org.springframework.web.servlet.ModelAndView org.springframework.boot.autoconfigure.web.BasicErrorController.errorHtml(javax.servlet.http.HttpServletRequest)
2015-03-03 15:46:01.494  INFO 3244 --- [main] o.s.w.s.handler.SimpleUrlHandlerMapping  : Mapped URL path [/webjars/**] onto handler of type [class org.springframework.web.servlet.resource.ResourceHttpRequestHandler]
2015-03-03 15:46:01.494  INFO 3244 --- [main] o.s.w.s.handler.SimpleUrlHandlerMapping  : Mapped URL path [/**] onto handler of type [class org.springframework.web.servlet.resource.ResourceHttpRequestHandler]
2015-03-03 15:46:01.531  INFO 3244 --- [main] o.s.w.s.handler.SimpleUrlHandlerMapping  : Mapped URL path [/**/favicon.ico] onto handler of type [class org.springframework.web.servlet.resource.ResourceHttpRequestHandler]
2015-03-03 15:46:01.922  INFO 3244 --- [main] spring.Application                       : Started Application in 6.038 seconds (JVM running for 6.374)
2015-03-03 16:03:40.402  INFO 5284 --- [main] spring.Application                       : Starting Application v1 on EPUAKYIW1562 with PID 5284 (C:\Users\Sergii_Tsymbaliuk\ws\SpringAll\target\SpringAll.jar started by Sergii_Tsymbaliuk in C:\Users\Sergii_Tsymbaliuk\ws\SpringAll)
2015-03-03 16:03:40.407 DEBUG 5284 --- [main] spring.Application                       : Running with Spring Boot v1.2.2.RELEASE, Spring v4.1.5.RELEASE
2015-03-03 16:03:43.076  INFO 5284 --- [main] o.apache.catalina.core.StandardService   : Starting service Tomcat
2015-03-03 16:03:43.079  INFO 5284 --- [main] org.apache.catalina.core.StandardEngine  : Starting Servlet Engine: Apache Tomcat/8.0.20
2015-03-03 16:03:44.554  INFO 5284 --- [localhost-startStop-1] o.a.c.c.C.[.[localhost].[/SpringAll]     : Initializing Spring embedded WebApplicationContext
2015-03-03 16:03:44.556  INFO 5284 --- [localhost-startStop-1] o.s.web.context.ContextLoader            : Root WebApplicationContext: initialization completed in 4111 ms
2015-03-03 16:03:48.494  INFO 5284 --- [main] s.w.s.m.m.a.RequestMappingHandlerAdapter : Looking for @ControllerAdvice: org.springframework.boot.context.embedded.AnnotationConfigEmbeddedWebApplicationContext@3526fee0: startup date [Tue Mar 03 16:03:40 EET 2015]; root of context hierarchy
2015-03-03 16:03:48.572  INFO 5284 --- [main] s.w.s.m.m.a.RequestMappingHandlerMapping : Mapped "{[/person/view],methods=[],params=[],headers=[],consumes=[],produces=[],custom=[]}" onto public java.lang.String spring.person.web.PersonController.showViewForm(org.springframework.ui.Model)
2015-03-03 16:03:48.575  INFO 5284 --- [main] s.w.s.m.m.a.RequestMappingHandlerMapping : Mapped "{[/person],methods=[],params=[],headers=[],consumes=[],produces=[],custom=[]}" onto public java.lang.String spring.person.web.PersonController.showPersonList(org.springframework.ui.Model)
2015-03-03 16:03:48.578  INFO 5284 --- [main] s.w.s.m.m.a.RequestMappingHandlerMapping : Mapped "{[/person/add],methods=[GET],params=[],headers=[],consumes=[],produces=[],custom=[]}" onto public java.lang.String spring.person.web.PersonController.showAddform()
2015-03-03 16:03:48.581  INFO 5284 --- [main] s.w.s.m.m.a.RequestMappingHandlerMapping : Mapped "{[/person/add || /person/edit],methods=[POST],params=[],headers=[],consumes=[],produces=[],custom=[]}" onto public java.lang.String spring.person.web.PersonController.savePerson(spring.person.Person)
2015-03-03 16:03:48.583  INFO 5284 --- [main] s.w.s.m.m.a.RequestMappingHandlerMapping : Mapped "{[/person/delete],methods=[POST],params=[],headers=[],consumes=[],produces=[],custom=[]}" onto public java.lang.String spring.person.web.PersonController.deletePerson(spring.person.Person)
2015-03-03 16:03:48.585  INFO 5284 --- [main] s.w.s.m.m.a.RequestMappingHandlerMapping : Mapped "{[/person/edit],methods=[GET],params=[],headers=[],consumes=[],produces=[],custom=[]}" onto public java.lang.String spring.person.web.PersonController.showEditPersonForm()
2015-03-03 16:03:48.589  INFO 5284 --- [main] s.w.s.m.m.a.RequestMappingHandlerMapping : Mapped "{[/ws/person/{id}],methods=[GET],params=[],headers=[],consumes=[],produces=[],custom=[]}" onto public java.lang.String spring.person.web.PersonRestController.showViewForm(spring.person.Person,org.springframework.ui.Model)
2015-03-03 16:03:48.593  INFO 5284 --- [main] s.w.s.m.m.a.RequestMappingHandlerMapping : Mapped "{[/error],methods=[],params=[],headers=[],consumes=[],produces=[],custom=[]}" onto public org.springframework.http.ResponseEntity<java.util.Map<java.lang.String, java.lang.Object>> org.springframework.boot.autoconfigure.web.BasicErrorController.error(javax.servlet.http.HttpServletRequest)
2015-03-03 16:03:48.597  INFO 5284 --- [main] s.w.s.m.m.a.RequestMappingHandlerMapping : Mapped "{[/error],methods=[],params=[],headers=[],consumes=[],produces=[text/html],custom=[]}" onto public org.springframework.web.servlet.ModelAndView org.springframework.boot.autoconfigure.web.BasicErrorController.errorHtml(javax.servlet.http.HttpServletRequest)
2015-03-03 16:03:48.646  INFO 5284 --- [main] o.s.w.s.handler.SimpleUrlHandlerMapping  : Mapped URL path [/webjars/**] onto handler of type [class org.springframework.web.servlet.resource.ResourceHttpRequestHandler]
2015-03-03 16:03:48.648  INFO 5284 --- [main] o.s.w.s.handler.SimpleUrlHandlerMapping  : Mapped URL path [/**] onto handler of type [class org.springframework.web.servlet.resource.ResourceHttpRequestHandler]
2015-03-03 16:03:48.702  INFO 5284 --- [main] o.s.w.s.handler.SimpleUrlHandlerMapping  : Mapped URL path [/**/favicon.ico] onto handler of type [class org.springframework.web.servlet.resource.ResourceHttpRequestHandler]
2015-03-03 16:03:49.338  INFO 5284 --- [main] spring.Application                       : Started Application in 9.217 seconds (JVM running for 9.876)
2015-03-03 16:04:36.787  INFO 5284 --- [http-nio-8088-exec-1] o.a.c.c.C.[.[localhost].[/SpringAll]     : Initializing Spring FrameworkServlet 'dispatcherServlet'
2015-03-03 16:04:36.787  INFO 5284 --- [http-nio-8088-exec-1] o.s.web.servlet.DispatcherServlet        : FrameworkServlet 'dispatcherServlet': initialization started
2015-03-03 16:04:36.819  INFO 5284 --- [http-nio-8088-exec-1] o.s.web.servlet.DispatcherServlet        : FrameworkServlet 'dispatcherServlet': initialization completed in 31 ms
